<?xml version="1.0" encoding="UTF-8"?>
<!-- Generated by org.testng.reporters.JUnitReportReporter -->
<testsuite hostname="DESKTOP-72KREVD" failures="0" tests="4" name="test.SauseDemo.loginTests.LoginSuccessTest" time="30.118" errors="0" timestamp="2023-05-12T13:26:05 MSK" skipped="0">
  <testcase classname="test.SauseDemo.loginTests.LoginSuccessTest" name="test_o2_locked_out_user" time="6.260"/>
  <system-out/>
  <testcase classname="test.SauseDemo.loginTests.LoginSuccessTest" name="test_o1_standartUserlogin" time="6.098"/>
  <system-out/>
  <testcase classname="test.SauseDemo.loginTests.LoginSuccessTest" name="test_o4_performance_glitch_user" time="11.751"/>
  <system-out/>
  <testcase classname="test.SauseDemo.loginTests.LoginSuccessTest" name="test_o3_problem_user" time="6.009"/>
  <system-out/>
</testsuite> <!-- test.SauseDemo.loginTests.LoginSuccessTest -->
