<?xml version="1.0" encoding="UTF-8"?>
<!-- Generated by org.testng.reporters.JUnitReportReporter -->
<testsuite hostname="DESKTOP-72KREVD" failures="0" tests="4" name="test.SauseDemo.loginTests.FailedTests" time="25.572" errors="0" timestamp="2023-05-12T13:26:05 MSK" skipped="0">
  <testcase classname="test.SauseDemo.loginTests.FailedTests" name="test_o3_emptyUsernamefield" time="7.320"/>
  <system-out/>
  <testcase classname="test.SauseDemo.loginTests.FailedTests" name="test_o1_failedUsername" time="5.841"/>
  <system-out/>
  <testcase classname="test.SauseDemo.loginTests.FailedTests" name="test_o2_failedpassword" time="6.190"/>
  <system-out/>
  <testcase classname="test.SauseDemo.loginTests.FailedTests" name="test_o4_emptyPasswordfield" time="6.221"/>
  <system-out/>
</testsuite> <!-- test.SauseDemo.loginTests.FailedTests -->
